<?xml version="1.0" encoding="UTF-8"?>
<!-- Generated by org.testng.reporters.JUnitReportReporter -->
<testsuite hostname="DESKTOP-08TQAV1" failures="0" tests="1" name="com.vae.automation.AccountRegistrationTest" time="5.881" errors="0" timestamp="31 Oct 2020 17:43:47 GMT" skipped="0">
  <testcase classname="com.vae.automation.AccountRegistrationTest" name="accountRegistrationTest" time="5.881"/>
</testsuite> <!-- com.vae.automation.AccountRegistrationTest -->
